<?xml version="1.0" encoding="UTF-8"?>
<testsuite xmlns:xsi="http://www.w3.org/2001/XMLSchema-instance" xsi:schemaLocation="https://maven.apache.org/surefire/maven-surefire-plugin/xsd/surefire-test-report.xsd" name="cucumber.WEG.RunnerClass" time="35.985" tests="57" errors="0" skipped="0" failures="0">
  <properties>
[...]
</properties>
  <testcase name="Given I launch the url" classname="| Homepage |" time="0.003"/>
  <testcase name="Then I click on &quot;Homepage&quot; tabs" classname="| Homepage |" time="0"/>
  <testcase name="| Homepage |" classname="| Homepage |" time="0.001"/>
  <testcase name="Given I launch the url" classname="| Trade your jet |" time="0"/>
  <testcase name="Then I click on &quot;Trade your jet&quot; tabs" classname="| Trade your jet |" time="0"/>
  <testcase name="| Trade your jet |" classname="| Trade your jet |" time="0.003"/>
  <testcase name="Given I launch the url" classname="| Book your jet |" time="0"/>
  <testcase name="Then I click on &quot;Book your jet&quot; tabs" classname="| Book your jet |" time="0"/>
  <testcase name="| Book your jet |" classname="| Book your jet |" time="0"/>
  <testcase name="Given I launch the url" classname="| Just Trade |" time="0"/>
  <testcase name="Then I click on &quot;Just Trade&quot; tabs" classname="| Just Trade |" time="0.002"/>
  <testcase name="| Just Trade |" classname="| Just Trade |" time="0.002"/>
  <testcase name="Given I launch the url" classname="| About Us |" time="0"/>
  <testcase name="Then I click on &quot;About Us&quot; tabs" classname="| About Us |" time="0"/>
  <testcase name="| About Us |" classname="| About Us |" time="0.002"/>
  <testcase name="Given I launch the url" classname="| Contact Support |" time="0"/>
  <testcase name="Then I click on &quot;Contact Support&quot; tabs" classname="| Contact Support |" time="0"/>
  <testcase name="| Contact Support |" classname="| Contact Support |" time="0.005"/>
  <testcase name="Given I launch the url" classname="Scenario: HomePage displayed" time="0"/>
  <testcase name="Given I launch the url" classname="Scenario: HomePage displayed" time="0"/>
  <testcase name="Then the &quot;Home&quot; is displayed" classname="Scenario: HomePage displayed" time="0"/>
  <testcase name="Scenario: HomePage displayed" classname="Scenario: HomePage displayed" time="0.011"/>
  <testcase name="Scenario: HomePage displayed" classname="Scenario: HomePage displayed" time="0.001"/>
  <testcase name="And the &quot;Home&quot; is displayed" classname="Scenario: HomePage displayed" time="0"/>
  <testcase name="When I click on &quot;all the&quot; tabs" classname="Scenario: HomePage displayed" time="0"/>
  <testcase name="Then the &quot;ContactPage&quot; is displayed" classname="Scenario: HomePage displayed" time="0"/>
  <testcase name="Given I launch the url" classname="| Enteryourfirstname |" time="0"/>
  <testcase name="And the &quot;Home&quot; is displayed" classname="| Enteryourfirstname |" time="0"/>
  <testcase name="When I click on &quot;Just Trade&quot; tabs" classname="| Enteryourfirstname |" time="0"/>
  <testcase name="And &quot;Firstname&quot; text field is displayed" classname="| Enteryourfirstname |" time="0"/>
  <testcase name="Then the &quot;Enteryourfirstname&quot; is displayed" classname="| Enteryourfirstname |" time="0"/>
  <testcase name="| Enteryourfirstname |" classname="| Enteryourfirstname |" time="0"/>
  <testcase name="Given I launch the url" classname="| Pagetext_Offer |" time="0"/>
  <testcase name="And the &quot;Home&quot; is displayed" classname="| Pagetext_Offer |" time="0"/>
  <testcase name="When I click on &quot;Just Trade&quot; tabs" classname="| Pagetext_Offer |" time="0"/>
  <testcase name="And &quot;Firstname&quot; text field is displayed" classname="| Pagetext_Offer |" time="0"/>
  <testcase name="Then the &quot;Pagetext_Offer&quot; is displayed" classname="| Pagetext_Offer |" time="0"/>
  <testcase name="| Pagetext_Offer |" classname="| Pagetext_Offer |" time="0"/>
  <testcase name="Given I launch the url" classname="Scenario: Trade your jet form" time="0"/>
  <testcase name="And the &quot;Home&quot; page is displayed" classname="Scenario: Trade your jet form" time="0"/>
  <testcase name="When I click on &quot;Trade your jet&quot; tabs" classname="Scenario: Trade your jet form" time="0"/>
  <testcase name="Then the &quot;Trade your jet&quot; page is displayed" classname="Scenario: Trade your jet form" time="0.001"/>
  <testcase name="Given I enter &quot;2m_Current_jet_price_text&quot; in the text field" classname="Scenario: Trade your jet form" time="0"/>
  <testcase name="And I enter &quot;15m_Purchase_price_text&quot; in the text field" classname="Scenario: Trade your jet form" time="0"/>
  <testcase name="And I enter &quot;120000h_Flight_time&quot; in the text field" classname="Scenario: Trade your jet form" time="0"/>
  <testcase name="When I click on &quot;Range&quot; Radio button" classname="Scenario: Trade your jet form" time="0"/>
  <testcase name="When I click on &quot;Take off time&quot; Radio button" classname="Scenario: Trade your jet form" time="0"/>
  <testcase name="Scenario: Trade your jet form" classname="Scenario: Trade your jet form" time="0.001"/>
  <testcase name="Given I launch the url" classname="Scenario: Book your jet form" time="0"/>
  <testcase name="And the &quot;Home&quot; page is displayed" classname="Scenario: Book your jet form" time="0"/>
  <testcase name="When I click on &quot;Bookyourjet&quot; tabs" classname="Scenario: Book your jet form" time="0"/>
  <testcase name="Then the &quot;BookYourJet&quot; page is displayed" classname="Scenario: Book your jet form" time="0"/>
  <testcase name="Given I enter &quot;start destination&quot; in the text field" classname="Scenario: Book your jet form" time="0"/>
  <testcase name="And I enter &quot;end destination&quot; in the text field" classname="Scenario: Book your jet form" time="0"/>
  <testcase name="When I select &quot;US&quot; from the select zone dropdown" classname="Scenario: Book your jet form" time="0"/>
  <testcase name="Then I check &quot;family&quot; checkbox" classname="Scenario: Book your jet form" time="0"/>
  <testcase name="Scenario: Book your jet form" classname="Scenario: Book your jet form" time="0.001"/>
</testsuite>